Automated commit ran on: Tue Feb 24 18:08:30 UTC 2026
Automated commit ran on: Tue Feb 24 18:08:52 UTC 2026
Automated commit ran on: Wed Feb 25 08:54:35 UTC 2026
Automated commit ran on: Thu Feb 26 08:53:46 UTC 2026
Automated commit ran on: Fri Feb 27 08:47:12 UTC 2026
Automated commit ran on: Sat Feb 28 08:34:05 UTC 2026
Automated commit ran on: Sun Mar  1 08:35:56 UTC 2026
Automated commit ran on: Mon Mar  2 08:51:39 UTC 2026
Automated commit ran on: Tue Mar  3 08:47:29 UTC 2026
Automated commit ran on: Wed Mar  4 08:43:06 UTC 2026
Automated commit ran on: Thu Mar  5 08:50:05 UTC 2026
Automated commit ran on: Fri Mar  6 08:42:24 UTC 2026
Automated commit ran on: Sat Mar  7 08:35:57 UTC 2026
Automated commit ran on: Sun Mar  8 08:35:38 UTC 2026
Automated commit ran on: Mon Mar  9 08:50:53 UTC 2026
Automated commit ran on: Tue Mar 10 08:49:55 UTC 2026
Automated commit ran on: Wed Mar 11 08:49:06 UTC 2026
Automated commit ran on: Thu Mar 12 08:50:21 UTC 2026
Automated commit ran on: Fri Mar 13 08:45:42 UTC 2026
Automated commit ran on: Sat Mar 14 08:40:12 UTC 2026
Automated commit ran on: Sun Mar 15 08:40:35 UTC 2026
Automated commit ran on: Mon Mar 16 09:01:04 UTC 2026
Automated commit ran on: Tue Mar 17 08:57:25 UTC 2026
Automated commit ran on: Wed Mar 18 08:55:42 UTC 2026
Automated commit ran on: Thu Mar 19 08:49:25 UTC 2026
Automated commit ran on: Fri Mar 20 08:47:49 UTC 2026
Automated commit ran on: Sat Mar 21 08:37:52 UTC 2026
Automated commit ran on: Sun Mar 22 08:38:59 UTC 2026
Automated commit ran on: Mon Mar 23 09:00:59 UTC 2026
Automated commit ran on: Tue Mar 24 08:57:21 UTC 2026
Automated commit ran on: Wed Mar 25 08:56:10 UTC 2026
Automated commit ran on: Thu Mar 26 09:01:12 UTC 2026
Automated commit ran on: Fri Mar 27 08:57:38 UTC 2026
Automated commit ran on: Sat Mar 28 08:44:08 UTC 2026
Automated commit ran on: Sun Mar 29 08:45:10 UTC 2026
Automated commit ran on: Mon Mar 30 09:16:46 UTC 2026
Automated commit ran on: Tue Mar 31 09:04:40 UTC 2026
Automated commit ran on: Wed Apr  1 09:10:16 UTC 2026
Automated commit ran on: Thu Apr  2 09:02:18 UTC 2026
Automated commit ran on: Fri Apr  3 08:58:50 UTC 2026
Automated commit ran on: Sat Apr  4 08:46:13 UTC 2026
Automated commit ran on: Sun Apr  5 08:51:29 UTC 2026
Automated commit ran on: Mon Apr  6 09:12:43 UTC 2026
Automated commit ran on: Tue Apr  7 09:07:12 UTC 2026
Automated commit ran on: Wed Apr  8 09:05:26 UTC 2026
Automated commit ran on: Thu Apr  9 09:12:30 UTC 2026
Automated commit ran on: Fri Apr 10 09:14:08 UTC 2026
Automated commit ran on: Sat Apr 11 08:49:54 UTC 2026
Automated commit ran on: Sun Apr 12 08:53:42 UTC 2026
Automated commit ran on: Mon Apr 13 09:58:05 UTC 2026
Automated commit ran on: Tue Apr 14 09:22:16 UTC 2026
Automated commit ran on: Wed Apr 15 09:23:34 UTC 2026
Automated commit ran on: Thu Apr 16 09:23:24 UTC 2026
Automated commit ran on: Fri Apr 17 09:21:51 UTC 2026
Automated commit ran on: Sat Apr 18 08:55:18 UTC 2026
Automated commit ran on: Sun Apr 19 08:58:31 UTC 2026
Automated commit ran on: Mon Apr 20 10:01:10 UTC 2026
Automated commit ran on: Tue Apr 21 09:42:38 UTC 2026
Automated commit ran on: Wed Apr 22 09:24:20 UTC 2026
Automated commit ran on: Thu Apr 23 09:47:05 UTC 2026
Automated commit ran on: Fri Apr 24 09:47:12 UTC 2026
Automated commit ran on: Sat Apr 25 08:57:13 UTC 2026
Automated commit ran on: Sun Apr 26 09:04:57 UTC 2026
Automated commit ran on: Mon Apr 27 10:20:02 UTC 2026
Automated commit ran on: Tue Apr 28 10:17:56 UTC 2026
Automated commit ran on: Wed Apr 29 10:08:18 UTC 2026
Automated commit ran on: Thu Apr 30 10:09:03 UTC 2026
Automated commit ran on: Fri May  1 09:48:43 UTC 2026
Automated commit ran on: Sat May  2 09:10:16 UTC 2026
Automated commit ran on: Sun May  3 09:23:26 UTC 2026
Automated commit ran on: Mon May  4 10:16:10 UTC 2026
Automated commit ran on: Tue May  5 10:05:15 UTC 2026
Automated commit ran on: Wed May  6 10:21:21 UTC 2026
Automated commit ran on: Thu May  7 10:26:59 UTC 2026
Automated commit ran on: Fri May  8 09:25:25 UTC 2026
Automated commit ran on: Sat May  9 09:22:10 UTC 2026
Automated commit ran on: Sun May 10 09:40:18 UTC 2026
Automated commit ran on: Mon May 11 11:26:48 UTC 2026
Automated commit ran on: Tue May 12 10:34:32 UTC 2026
Automated commit ran on: Wed May 13 10:31:15 UTC 2026
Automated commit ran on: Thu May 14 10:21:37 UTC 2026
Automated commit ran on: Fri May 15 10:27:06 UTC 2026
Automated commit ran on: Sat May 16 09:42:36 UTC 2026
Automated commit ran on: Sun May 17 09:48:43 UTC 2026
Automated commit ran on: Mon May 18 11:46:08 UTC 2026
Automated commit ran on: Tue May 19 11:22:08 UTC 2026
Automated commit ran on: Wed May 20 10:53:36 UTC 2026
Automated commit ran on: Thu May 21 11:28:48 UTC 2026
Automated commit ran on: Fri May 22 10:53:32 UTC 2026
Automated commit ran on: Sat May 23 09:56:21 UTC 2026
Automated commit ran on: Sun May 24 09:57:25 UTC 2026
Automated commit ran on: Mon May 25 11:54:41 UTC 2026
Automated commit ran on: Thu May 28 11:40:02 UTC 2026
Automated commit ran on: Fri May 29 11:31:51 UTC 2026
Automated commit ran on: Sat May 30 10:02:31 UTC 2026
Automated commit ran on: Sun May 31 10:17:50 UTC 2026
Automated commit ran on: Mon Jun  1 13:39:13 UTC 2026
Automated commit ran on: Tue Jun  2 12:06:15 UTC 2026
Automated commit ran on: Wed Jun  3 12:43:29 UTC 2026
Automated commit ran on: Thu Jun  4 11:16:54 UTC 2026
Automated commit ran on: Fri Jun  5 11:30:14 UTC 2026
Automated commit ran on: Sat Jun  6 10:06:59 UTC 2026
Automated commit ran on: Sun Jun  7 10:30:39 UTC 2026
Automated commit ran on: Mon Jun  8 12:35:48 UTC 2026
Automated commit ran on: Tue Jun  9 11:18:33 UTC 2026
Automated commit ran on: Wed Jun 10 11:40:04 UTC 2026
Automated commit ran on: Thu Jun 11 12:11:37 UTC 2026
Automated commit ran on: Fri Jun 12 11:45:15 UTC 2026
Automated commit ran on: Sat Jun 13 10:31:54 UTC 2026
Automated commit ran on: Sun Jun 14 10:49:50 UTC 2026
Automated commit ran on: Mon Jun 15 14:25:19 UTC 2026
Automated commit ran on: Tue Jun 16 12:55:59 UTC 2026
Automated commit ran on: Wed Jun 17 12:18:25 UTC 2026
